# JRE version: OpenJDK Runtime Environment (11.0.4+10) (build 11.0.4+10-b304.77)
# Java VM: OpenJDK 64-Bit Server VM (11.0.4+10-b304.77, mixed mode, sharing, tiered, compressed oops, g1 gc, windows-amd64)
Heap:
 garbage-first heap   total 157696K, used 53338K [0x0000000080e00000, 0x0000000100000000)
  region size 1024K, 46 young (47104K), 8 survivors (8192K)
 Metaspace       used 34234K, capacity 35214K, committed 35452K, reserved 1079296K
  class space    used 4734K, capacity 5145K, committed 5244K, reserved 1048576K
GC Heap History (10 events):
Event: 0.963 GC heap before
{Heap before GC invocations=2 (full 0):
 garbage-first heap   total 131072K, used 26988K [0x0000000080e00000, 0x0000000100000000)
  region size 1024K, 21 young (21504K), 1 survivors (1024K)
 Metaspace       used 6302K, capacity 8761K, committed 8832K, reserved 1056768K
  class space    used 846K, capacity 1088K, committed 1152K, reserved 1048576K
}
Event: 0.967 GC heap after
{Heap after GC invocations=3 (full 0):
 garbage-first heap   total 131072K, used 7439K [0x0000000080e00000, 0x0000000100000000)
  region size 1024K, 2 young (2048K), 2 survivors (2048K)
 Metaspace       used 6302K, capacity 8761K, committed 8832K, reserved 1056768K
  class space    used 846K, capacity 1088K, committed 1152K, reserved 1048576K
}
Event: 1.428 GC heap before
{Heap before GC invocations=3 (full 0):
 garbage-first heap   total 131072K, used 51471K [0x0000000080e00000, 0x0000000100000000)
  region size 1024K, 46 young (47104K), 2 survivors (2048K)
 Metaspace       used 13236K, capacity 14850K, committed 15104K, reserved 1062912K
  class space    used 1841K, capacity 2042K, committed 2048K, reserved 1048576K
}
Event: 1.435 GC heap after
{Heap after GC invocations=4 (full 0):
 garbage-first heap   total 131072K, used 9080K [0x0000000080e00000, 0x0000000100000000)
  region size 1024K, 3 young (3072K), 3 survivors (3072K)
 Metaspace       used 13236K, capacity 14850K, committed 15104K, reserved 1062912K
  class space    used 1841K, capacity 2042K, committed 2048K, reserved 1048576K
}
Event: 1.898 GC heap before
{Heap before GC invocations=4 (full 0):
 garbage-first heap   total 131072K, used 75640K [0x0000000080e00000, 0x0000000100000000)
  region size 1024K, 69 young (70656K), 3 survivors (3072K)
 Metaspace       used 15135K, capacity 16809K, committed 17024K, reserved 1064960K
  class space    used 2102K, capacity 2332K, committed 2432K, reserved 1048576K
}
Event: 1.908 GC heap after
{Heap after GC invocations=5 (full 0):
 garbage-first heap   total 157696K, used 10397K [0x0000000080e00000, 0x0000000100000000)
  region size 1024K, 5 young (5120K), 5 survivors (5120K)
 Metaspace       used 15135K, capacity 16809K, committed 17024K, reserved 1064960K
  class space    used 2102K, capacity 2332K, committed 2432K, reserved 1048576K
}
Event: 2.808 GC heap before
{Heap before GC invocations=5 (full 0):
 garbage-first heap   total 157696K, used 58525K [0x0000000080e00000, 0x0000000100000000)
  region size 1024K, 53 young (54272K), 5 survivors (5120K)
 Metaspace       used 19908K, capacity 21219K, committed 21248K, reserved 1067008K
  class space    used 2764K, capacity 3044K, committed 3072K, reserved 1048576K
}
Event: 2.827 GC heap after
{Heap after GC invocations=6 (full 0):
 garbage-first heap   total 157696K, used 13003K [0x0000000080e00000, 0x0000000100000000)
  region size 1024K, 7 young (7168K), 7 survivors (7168K)
 Metaspace       used 19908K, capacity 21219K, committed 21248K, reserved 1067008K
  class space    used 2764K, capacity 3044K, committed 3072K, reserved 1048576K
}
Event: 4.141 GC heap before
{Heap before GC invocations=7 (full 0):
 garbage-first heap   total 157696K, used 93899K [0x0000000080e00000, 0x0000000100000000)
  region size 1024K, 87 young (89088K), 7 survivors (7168K)
 Metaspace       used 27116K, capacity 28091K, committed 28412K, reserved 1073152K
  class space    used 3589K, capacity 3966K, committed 4092K, reserved 1048576K
}
Event: 4.160 GC heap after
{Heap after GC invocations=8 (full 0):
 garbage-first heap   total 157696K, used 15450K [0x0000000080e00000, 0x0000000100000000)
  region size 1024K, 8 young (8192K), 8 survivors (8192K)
 Metaspace       used 27116K, capacity 28091K, committed 28412K, reserved 1073152K
  class space    used 3589K, capacity 3966K, committed 4092K, reserved 1048576K
}

